<?xml version="1.0" encoding="UTF-8"?>
<!-- Generated by org.testng.reporters.JUnitReportReporter -->
<testsuite hostname="DESKTOP-1M4NATU" failures="0" tests="4" name="com.apptad.test.SignInUserTest" time="94.474" errors="0" timestamp="2021-12-13T01:08:56 IST" skipped="0">
  <testcase classname="com.apptad.test.SignInUserTest" name="signinUser_Test_01" time="28.117"/>
  <system-out/>
  <testcase classname="com.apptad.test.SignInUserTest" name="validateManFields_Test_03" time="23.955"/>
  <system-out/>
  <testcase classname="com.apptad.test.SignInUserTest" name="validateFormat_Test_04" time="23.494"/>
  <system-out/>
  <testcase classname="com.apptad.test.SignInUserTest" name="newUserEmail_Test_02" time="18.908"/>
  <system-out/>
</testsuite> <!-- com.apptad.test.SignInUserTest -->
