<?xml version="1.0" encoding="UTF-8"?>
<!-- Generated by org.testng.reporters.JUnitReportReporter -->
<testsuite hostname="DESKTOP-1M4NATU" failures="0" tests="1" name="com.apptad.test.SearchProductTest" time="28.486" errors="0" timestamp="2021-12-17T00:04:17 IST" skipped="0">
  <testcase classname="com.apptad.test.SearchProductTest" name="searchProductTest" time="28.486"/>
  <system-out/>
</testsuite> <!-- com.apptad.test.SearchProductTest -->
