<?xml version="1.0" encoding="UTF-8"?>
<!-- Generated by org.testng.reporters.JUnitReportReporter -->
<testsuite hostname="DESKTOP-1M4NATU" failures="0" tests="1" name="com.apptad.test.SearchProductTest" time="28.304" errors="0" timestamp="2021-12-15T00:13:11 IST" skipped="0">
  <testcase classname="com.apptad.test.SearchProductTest" name="User_Scenario_2" time="28.304"/>
  <system-out/>
</testsuite> <!-- com.apptad.test.SearchProductTest -->
