<?xml version="1.0" encoding="UTF-8"?>
<!-- Generated by org.testng.reporters.JUnitReportReporter -->
<testsuite hostname="DESKTOP-1M4NATU" failures="0" tests="1" name="com.apptad.test.EcommerceTest" time="23.154" errors="0" timestamp="2021-12-13T16:25:33 IST" skipped="0">
  <testcase classname="com.apptad.test.EcommerceTest" name="User_Scenario_2" time="23.154"/>
  <system-out/>
</testsuite> <!-- com.apptad.test.EcommerceTest -->
