<?xml version="1.0" encoding="UTF-8"?>
<!-- Generated by org.testng.reporters.JUnitReportReporter -->
<testsuite hostname="DESKTOP-1M4NATU" failures="0" tests="2" name="apptad.test.BeforeAndAfterMethodTesting" time="0.020" errors="0" timestamp="2021-12-05T11:09:24 IST" skipped="0">
  <testcase classname="apptad.test.BeforeAndAfterMethodTesting" name="testCase2" time="0.012"/>
  <system-out/>
  <testcase classname="apptad.test.BeforeAndAfterMethodTesting" name="testCase1" time="0.008"/>
  <system-out/>
</testsuite> <!-- apptad.test.BeforeAndAfterMethodTesting -->
