<?xml version="1.0" encoding="UTF-8"?>
<!-- Generated by org.testng.reporters.JUnitReportReporter -->
<testsuite hostname="DESKTOP-1M4NATU" failures="0" tests="2" name="apptad.test.TestChecking" time="0.011" errors="0" timestamp="2021-12-04T22:15:24 IST" skipped="0">
  <testcase classname="apptad.test.TestChecking" name="firstTest" time="0.008"/>
  <system-out/>
  <testcase classname="apptad.test.TestChecking" name="secondTest" time="0.003"/>
  <system-out/>
</testsuite> <!-- apptad.test.TestChecking -->
