<?xml version="1.0" encoding="UTF-8"?>
<!-- Generated by org.testng.reporters.JUnitReportReporter -->
<testsuite hostname="DESKTOP-1M4NATU" failures="0" tests="3" name="com.test.AmazonTest" time="53.275" errors="0" timestamp="2021-12-08T10:49:52 IST" skipped="0">
  <testcase classname="com.test.AmazonTest" name="AM_01" time="24.619"/>
  <system-out/>
  <testcase classname="com.test.AmazonTest" name="AM_02" time="11.997"/>
  <system-out/>
  <testcase classname="com.test.AmazonTest" name="AM_03" time="16.659"/>
  <system-out/>
</testsuite> <!-- com.test.AmazonTest -->
