<?xml version="1.0" encoding="UTF-8"?>
<!-- Generated by org.testng.reporters.JUnitReportReporter -->
<testsuite hostname="DESKTOP-1M4NATU" failures="0" tests="3" name="com.test.MyProjectTest" time="3.536" errors="0" timestamp="2021-12-06T13:50:18 IST" skipped="0">
  <testcase classname="com.test.MyProjectTest" name="lounchBrowser" time="1.851"/>
  <system-out/>
  <testcase classname="com.test.MyProjectTest" name="openAdminPart" time="0.314"/>
  <system-out/>
  <testcase classname="com.test.MyProjectTest" name="loginAdmin" time="1.371"/>
  <system-out/>
</testsuite> <!-- com.test.MyProjectTest -->
