<?xml version="1.0" encoding="UTF-8"?>
<!-- Generated by org.testng.reporters.JUnitReportReporter -->
<testsuite hostname="DESKTOP-1M4NATU" failures="0" tests="3" name="apptad.test.AmazonTest" time="63.953" errors="0" timestamp="2021-12-08T01:18:40 IST" skipped="0">
  <testcase classname="apptad.test.AmazonTest" name="AM_01" time="25.279"/>
  <system-out/>
  <testcase classname="apptad.test.AmazonTest" name="AM_02" time="17.053"/>
  <system-out/>
  <testcase classname="apptad.test.AmazonTest" name="AM_03" time="21.621"/>
  <system-out/>
</testsuite> <!-- apptad.test.AmazonTest -->
