<?xml version="1.0" encoding="UTF-8"?>
<!-- Generated by org.testng.reporters.JUnitReportReporter -->
<testsuite skipped="0" hostname="user-PC" name="com.amazontestrunner.AmazonTestrunnerPF" tests="1" failures="0" timestamp="02 Jan 2021 17:32:18 GMT" time="5.539" errors="0">
  <testcase name="tc_01" time="5.539" classname="com.amazontestrunner.AmazonTestrunnerPF"/>
</testsuite> <!-- com.amazontestrunner.AmazonTestrunnerPF -->
