<?xml version="1.0" encoding="UTF-8"?>
<!-- Generated by org.testng.reporters.JUnitReportReporter -->
<testsuite skipped="0" hostname="user-PC" name="com.amazontestrunner.LoginFageFactory" tests="1" failures="0" timestamp="7 Dec 2021 09:35:05 GMT" time="6.866" errors="0">
  <testcase name="M01" time="6.866" classname="com.amazontestrunner.LoginFageFactory"/>
</testsuite> <!-- com.amazontestrunner.LoginFageFactory -->
