<?xml version="1.0" encoding="UTF-8"?>
<!-- Generated by org.testng.reporters.JUnitReportReporter -->
<testsuite skipped="0" hostname="user-PC" name="com.amazontestrunner.LoginTestRunnerpagefact" tests="1" failures="0" timestamp="03 Jan 2021 03:52:35 GMT" time="10.787" errors="0">
  <testcase name="AM_01" time="10.787" classname="com.amazontestrunner.LoginTestRunnerpagefact"/>
</testsuite> <!-- com.amazontestrunner.LoginTestRunnerpagefact -->
