<?xml version="1.0" encoding="UTF-8"?>
<!-- Generated by org.testng.reporters.JUnitReportReporter -->
<testsuite skipped="0" hostname="user-PC" name="com.amazontestrunner.AmazonTestRunner" tests="1" failures="0" timestamp="17 Sep 2021 04:11:24 GMT" time="15.814" errors="0">
  <testcase name="AM_03" time="15.814" classname="com.amazontestrunner.AmazonTestRunner"/>
</testsuite> <!-- com.amazontestrunner.AmazonTestRunner -->
