<?xml version="1.0" encoding="UTF-8"?>
<!-- Generated by org.testng.reporters.JUnitReportReporter -->
<testsuite hostname="DESKTOP-1M4NATU" failures="0" tests="2" name="com.apptad.test.CrossBrowserTesting" time="12.005" errors="0" timestamp="2021-12-11T16:42:20 IST" skipped="0">
  <testcase classname="com.apptad.test.CrossBrowserTesting" name="f" time="2.557"/>
  <system-out/>
  <testcase classname="com.apptad.test.CrossBrowserTesting" name="f" time="9.448"/>
  <system-out/>
</testsuite> <!-- com.apptad.test.CrossBrowserTesting -->
