<?xml version="1.0" encoding="UTF-8"?>
<!-- Generated by org.testng.reporters.JUnitReportReporter -->
<testsuite hostname="DESKTOP-1M4NATU" failures="0" tests="2" name="com.apptad.test.LoginTestingAndValidateTitle" time="5.908" errors="0" timestamp="2021-12-05T11:40:38 IST" skipped="0">
  <testcase classname="com.apptad.test.LoginTestingAndValidateTitle" name="validateTitle" time="2.086"/>
  <system-out/>
  <testcase classname="com.apptad.test.LoginTestingAndValidateTitle" name="lounchBrowser" time="3.822"/>
  <system-out/>
</testsuite> <!-- com.apptad.test.LoginTestingAndValidateTitle -->
