<?xml version="1.0" encoding="UTF-8"?>
<!-- Generated by org.testng.reporters.JUnitReportReporter -->
<testsuite hostname="DESKTOP-1M4NATU" failures="0" tests="1" name="com.apptad.test.AmazonTest" time="7.453" errors="0" timestamp="2021-12-07T16:52:04 IST" skipped="0">
  <testcase classname="com.apptad.test.AmazonTest" name="f" time="7.453"/>
  <system-out/>
</testsuite> <!-- com.apptad.test.AmazonTest -->
